#
# There is insufficient memory for the Java Runtime Environment to continue.
# Native memory allocation (malloc) failed to allocate 1048576 bytes for AllocateHeap
# Possible reasons:
#   The system is out of physical RAM or swap space
#   In 32 bit mode, the process size limit was hit
# Possible solutions:
#   Reduce memory load on the system
#   Increase physical memory or swap space
#   Check if swap backing store is full
#   Use 64 bit Java on a 64 bit OS
#   Decrease Java heap size (-Xmx/-Xms)
#   Decrease number of Java threads
#   Decrease Java thread stack sizes (-Xss)
#   Set larger code cache with -XX:ReservedCodeCacheSize=
# This output file may be truncated or incomplete.
#
#  Out of Memory Error (memory/allocation.inline.hpp:61), pid=7928, tid=0x0000000000005698
#
# JRE version:  (8.0_171-b11) (build )
# Java VM: Java HotSpot(TM) 64-Bit Server VM (25.171-b11 mixed mode windows-amd64 compressed oops)
# Failed to write core dump. Minidumps are not enabled by default on client versions of Windows
#

---------------  T H R E A D  ---------------

Current thread (0x000000000276e800):  JavaThread "Unknown thread" [_thread_in_vm, id=22168, stack(0x00000000025e0000,0x00000000026e0000)]

Stack: [0x00000000025e0000,0x00000000026e0000]
[error occurred during error reporting (printing stack bounds), id 0xc0000005]

Native frames: (J=compiled Java code, j=interpreted, Vv=VM code, C=native code)


---------------  P R O C E S S  ---------------

Java Threads: ( => current thread )

Other Threads:

=>0x000000000276e800 (exited) JavaThread "Unknown thread" [_thread_in_vm, id=22168, stack(0x00000000025e0000,0x00000000026e0000)]

VM state:not at safepoint (normal execution)

VM Mutex/Monitor currently owned by a thread: None

Heap:
 PSYoungGen      total 38400K, used 665K [0x00000000d5b80000, 0x00000000d8600000, 0x0000000100000000)
  eden space 33280K, 2% used [0x00000000d5b80000,0x00000000d5c26670,0x00000000d7c00000)
  from space 5120K, 0% used [0x00000000d8100000,0x00000000d8100000,0x00000000d8600000)
  to   space 5120K, 0% used [0x00000000d7c00000,0x00000000d7c00000,0x00000000d8100000)
 ParOldGen       total 87552K, used 0K [0x0000000081200000, 0x0000000086780000, 0x00000000d5b80000)
  object space 87552K, 0% used [0x0000000081200000,0x0000000081200000,0x0000000086780000)
 Metaspace       used 774K, capacity 4480K, committed 4480K, reserved 1056768K
  class space    used 76K, capacity 384K, committed 384K, reserved 1048576K

Card table byte_map: [0x0000000011c30000,0x0000000012030000] byte_map_base: 0x0000000011827000

Marking Bits: (ParMarkBitMap*) 0x000000005cff08c0
 Begin Bits: [0x0000000012ae0000, 0x0000000014a98000)
 End Bits:   [0x0000000014a98000, 0x0000000016a50000)

Polling page: 0x0000000000e10000

CodeCache: size=245760Kb used=328Kb max_used=328Kb free=245431Kb
 bounds [0x0000000002870000, 0x0000000002ae0000, 0x0000000011870000]
 total_blobs=58 nmethods=0 adapters=38
 compilation: enabled

Compilation events (0 events):
No events

GC Heap History (0 events):
No events

Deoptimization events (0 events):
No events

Classes redefined (0 events):
No events

Internal exceptions (0 events):
No events

Events (10 events):
Event: 0.022 loading class java/lang/Short
Event: 0.022 loading class java/lang/Short done
Event: 0.022 loading class java/lang/Integer
Event: 0.022 loading class java/lang/Integer done
Event: 0.022 loading class java/lang/Long
Event: 0.022 loading class java/lang/Long done
Event: 0.023 loading class java/lang/NullPointerException
Event: 0.023 loading class java/lang/NullPointerException done
Event: 0.023 loading class java/lang/ArithmeticException
Event: 0.023 loading class java/lang/ArithmeticException done


Dynamic libraries:
0x00007ff72f590000 - 0x00007ff72f5c7000 	C:\Program Files\Java\jdk1.8.0_171\bin\java.exe
0x00007ff892830000 - 0x00007ff892a11000 	C:\WINDOWS\SYSTEM32\ntdll.dll
0x00007ff891230000 - 0x00007ff8912e2000 	C:\WINDOWS\System32\KERNEL32.DLL
0x00007ff88f9f0000 - 0x00007ff88fc63000 	C:\WINDOWS\System32\KERNELBASE.dll
0x00007ff8915f0000 - 0x00007ff891691000 	C:\WINDOWS\System32\ADVAPI32.dll
0x00007ff892490000 - 0x00007ff89252e000 	C:\WINDOWS\System32\msvcrt.dll
0x00007ff88fcc0000 - 0x00007ff88fd1b000 	C:\WINDOWS\System32\sechost.dll
0x00007ff8912f0000 - 0x00007ff891414000 	C:\WINDOWS\System32\RPCRT4.dll
0x00007ff891de0000 - 0x00007ff891f70000 	C:\WINDOWS\System32\USER32.dll
0x00007ff88ee80000 - 0x00007ff88eea0000 	C:\WINDOWS\System32\win32u.dll
0x00007ff892550000 - 0x00007ff892578000 	C:\WINDOWS\System32\GDI32.dll
0x00007ff88eea0000 - 0x00007ff88f032000 	C:\WINDOWS\System32\gdi32full.dll
0x00007ff88ede0000 - 0x00007ff88ee7f000 	C:\WINDOWS\System32\msvcp_win.dll
0x00007ff88ece0000 - 0x00007ff88edda000 	C:\WINDOWS\System32\ucrtbase.dll
0x00007ff87eae0000 - 0x00007ff87ed49000 	C:\WINDOWS\WinSxS\amd64_microsoft.windows.common-controls_6595b64144ccf1df_6.0.17134.48_none_b4b2216a3cb4dd3e\COMCTL32.dll
0x00007ff8920f0000 - 0x00007ff892413000 	C:\WINDOWS\System32\combase.dll
0x00007ff88ec60000 - 0x00007ff88ecda000 	C:\WINDOWS\System32\bcryptPrimitives.dll
0x00007ff88fd20000 - 0x00007ff88fd4d000 	C:\WINDOWS\System32\IMM32.DLL
0x000000005d5b0000 - 0x000000005d682000 	C:\Program Files\Java\jdk1.8.0_171\jre\bin\msvcr100.dll
0x000000005c7d0000 - 0x000000005d070000 	C:\Program Files\Java\jdk1.8.0_171\jre\bin\server\jvm.dll
0x00007ff891420000 - 0x00007ff891428000 	C:\WINDOWS\System32\PSAPI.DLL
0x00007ff888a00000 - 0x00007ff888a23000 	C:\WINDOWS\SYSTEM32\WINMM.dll
0x00007ff870940000 - 0x00007ff870949000 	C:\WINDOWS\SYSTEM32\WSOCK32.dll
0x00007ff88afc0000 - 0x00007ff88afca000 	C:\WINDOWS\SYSTEM32\VERSION.dll
0x00007ff892420000 - 0x00007ff89248c000 	C:\WINDOWS\System32\WS2_32.dll
0x00007ff8889d0000 - 0x00007ff8889fa000 	C:\WINDOWS\SYSTEM32\winmmbase.dll
0x00007ff88fc70000 - 0x00007ff88fcb9000 	C:\WINDOWS\System32\cfgmgr32.dll
0x00000000635a0000 - 0x00000000635af000 	C:\Program Files\Java\jdk1.8.0_171\jre\bin\verify.dll
0x000000005d7d0000 - 0x000000005d7f9000 	C:\Program Files\Java\jdk1.8.0_171\jre\bin\java.dll
0x000000005d7b0000 - 0x000000005d7c6000 	C:\Program Files\Java\jdk1.8.0_171\jre\bin\zip.dll

VM Arguments:
jvm_args: -Dclassworlds.conf=C:\Program Files\NetBeans 8.2\java\maven\bin\m2.conf -Dmaven.home=C:\Program Files\NetBeans 8.2\java\maven 
java_command: org.codehaus.plexus.classworlds.launcher.Launcher -Dmaven.ext.class.path=C:\Program Files\NetBeans 8.2\java\maven-nblib\netbeans-eventspy.jar -Dfile.encoding=UTF-8 install
java_class_path (initial): C:\Program Files\NetBeans 8.2\java\maven\boot\plexus-classworlds-2.4.jar
Launcher Type: SUN_STANDARD

Environment Variables:
JAVA_HOME=C:\Program Files\Java\jdk1.8.0_171
PATH=C:\Program Files\Java\jdk1.8.0_171\bin;C:\Program Files (x86)\Common Files\Oracle\Java\javapath;C:\Program Files (x86)\Razer Chroma SDK\bin;C:\Program Files\Razer Chroma SDK\bin;C:\Windows\system32;C:\Windows;C:\Windows\System32\Wbem;C:\Windows\System32\WindowsPowerShell\v1.0\;C:\Program Files (x86)\NVIDIA Corporation\PhysX\Common;C:\WINDOWS\system32;C:\WINDOWS;C:\WINDOWS\System32\Wbem;C:\WINDOWS\System32\WindowsPowerShell\v1.0\;C:\WINDOWS\system32\config\systemprofile\AppData\Local\Microsoft\WindowsApps;C:\WINDOWS\System32\OpenSSH\;C:\Users\SPN\AppData\Local\Microsoft\WindowsApps;
USERNAME=SPN
OS=Windows_NT
PROCESSOR_IDENTIFIER=Intel64 Family 6 Model 94 Stepping 3, GenuineIntel



---------------  S Y S T E M  ---------------

OS: Windows 10.0 , 64 bit Build 17134 (10.0.17134.1)

CPU:total 8 (initial active 8) (4 cores per cpu, 2 threads per core) family 6 model 94 stepping 3, cmov, cx8, fxsr, mmx, sse, sse2, sse3, ssse3, sse4.1, sse4.2, popcnt, avx, avx2, aes, clmul, erms, rtm, 3dnowpref, lzcnt, ht, tsc, tscinvbit, bmi1, bmi2, adx

Memory: 4k page, physical 8306840k(1391896k free), swap 14207180k(5956k free)

vm_info: Java HotSpot(TM) 64-Bit Server VM (25.171-b11) for windows-amd64 JRE (1.8.0_171-b11), built on Mar 28 2018 16:06:12 by "java_re" with MS VC++ 10.0 (VS2010)

time: Fri May 18 11:27:44 2018
elapsed time: 0 seconds (0d 0h 0m 0s)

